<?xml version="1.0" encoding="UTF-8"?>
<!-- Generated by org.testng.reporters.JUnitXMLReporter -->
<testsuite hostname="ICPL11952" ignored="0" name="Default test" tests="3" failures="0" timestamp="05 Mar 2019 07:04:23 GMT" time="0.095" errors="0">
  <testcase name="test1" time="0.035" classname="org.apache.maven.maven1.Test1"/>
  <testcase name="test2" time="0.002" classname="org.apache.maven.maven1.Test1"/>
  <testcase name="test3" time="0.002" classname="org.apache.maven.maven1.Test1"/>
</testsuite> <!-- Default test -->
