<?xml version="1.0" encoding="UTF-8"?>
<testng-results skipped="0" failed="0" ignored="0" total="3" passed="3">
  <reporter-output>
  </reporter-output>
  <suite name="Default suite" duration-ms="95" started-at="2019-03-05T07:04:22Z" finished-at="2019-03-05T07:04:22Z">
    <groups>
    </groups>
    <test name="Default test" duration-ms="95" started-at="2019-03-05T07:04:22Z" finished-at="2019-03-05T07:04:22Z">
      <class name="org.apache.maven.maven1.Test1">
        <test-method status="PASS" signature="test1()[pri:0, instance:org.apache.maven.maven1.Test1@448ff1a8]" name="test1" duration-ms="35" started-at="2019-03-05T07:04:22Z" finished-at="2019-03-05T07:04:22Z">
          <reporter-output>
          </reporter-output>
        </test-method> <!-- test1 -->
        <test-method status="PASS" signature="test2()[pri:0, instance:org.apache.maven.maven1.Test1@448ff1a8]" name="test2" duration-ms="2" started-at="2019-03-05T07:04:22Z" finished-at="2019-03-05T07:04:22Z">
          <reporter-output>
          </reporter-output>
        </test-method> <!-- test2 -->
        <test-method status="PASS" signature="test3()[pri:0, instance:org.apache.maven.maven1.Test1@448ff1a8]" name="test3" duration-ms="2" started-at="2019-03-05T07:04:22Z" finished-at="2019-03-05T07:04:22Z">
          <reporter-output>
          </reporter-output>
        </test-method> <!-- test3 -->
      </class> <!-- org.apache.maven.maven1.Test1 -->
    </test> <!-- Default test -->
  </suite> <!-- Default suite -->
</testng-results>
